[Info  - 9:31:02 AM] Using tsserver from: /usr/share/code/resources/app/extensions/node_modules/typescript/lib
[Info  - 9:31:02 AM] Forking TSServer
PATH: /home/jmotta/.nvm/versions/node/v8.5.0/bin:/usr/local/sbin:/sbin:/bin:/usr/sbin:/usr/bin:/var/lib/snapd/snap/bin:/root/bin:/usr/local/java/jdk1.8.0_131/bin:/root/bin
[Info  - 9:31:02 AM] Started TSServer
[Error  - 10:45:54 AM] 'getApplicableRefactors' request failed with error.
Error processing request. Cannot read property 'kind' of undefined
TypeError: Cannot read property 'kind' of undefined
    at Object.isIdentifier (/usr/share/code/resources/app/extensions/node_modules/typescript/lib/tsserver.js:9640:20)
    at Object.isExportsIdentifier (/usr/share/code/resources/app/extensions/node_modules/typescript/lib/tsserver.js:7264:19)
    at Object.isExportsOrModuleExportsOrAlias (/usr/share/code/resources/app/extensions/node_modules/typescript/lib/tsserver.js:19989:19)
    at isAtTriggerLocation (/usr/share/code/resources/app/extensions/node_modules/typescript/lib/tsserver.js:80194:31)
    at isAtTriggerLocation (/usr/share/code/resources/app/extensions/node_modules/typescript/lib/tsserver.js:80197:44)
    at Object.getAvailableActions (/usr/share/code/resources/app/extensions/node_modules/typescript/lib/tsserver.js:80169:21)
    at /usr/share/code/resources/app/extensions/node_modules/typescript/lib/tsserver.js:77283:128
    at getIterator (/usr/share/code/resources/app/extensions/node_modules/typescript/lib/tsserver.js:1734:23)
    at Object.next (/usr/share/code/resources/app/extensions/node_modules/typescript/lib/tsserver.js:1729:35)
    at Object.arrayFrom (/usr/share/code/resources/app/extensions/node_modules/typescript/lib/tsserver.js:2268:32)
    at Object.getApplicableRefactors (/usr/share/code/resources/app/extensions/node_modules/typescript/lib/tsserver.js:77282:23)
    at Object.getApplicableRefactors (/usr/share/code/resources/app/extensions/node_modules/typescript/lib/tsserver.js:83497:32)
    at IOSession.Session.getApplicableRefactors (/usr/share/code/resources/app/extensions/node_modules/typescript/lib/tsserver.js:90354:53)
    at Session.handlers.ts.createMapFromTemplate._a.(anonymous function) (/usr/share/code/resources/app/extensions/node_modules/typescript/lib/tsserver.js:89310:61)
    at /usr/share/code/resources/app/extensions/node_modules/typescript/lib/tsserver.js:90553:88
    at IOSession.Session.executeWithRequestId (/usr/share/code/resources/app/extensions/node_modules/typescript/lib/tsserver.js:90544:28)
    at IOSession.Session.executeCommand (/usr/share/code/resources/app/extensions/node_modules/typescript/lib/tsserver.js:90553:33)
    at IOSession.Session.onMessage (/usr/share/code/resources/app/extensions/node_modules/typescript/lib/tsserver.js:90573:35)
    at Interface.<anonymous> (/usr/share/code/resources/app/extensions/node_modules/typescript/lib/tsserver.js:91774:27)
    at emitOne (events.js:96:13)
    at Interface.emit (events.js:191:7)
    at Interface._onLine (readline.js:241:10)
    at Interface._normalWrite (readline.js:384:12)
    at Socket.ondata (readline.js:101:10)
    at emitOne (events.js:96:13)
    at Socket.emit (events.js:191:7)
    at readableAddChunk (_stream_readable.js:178:18)
    at Socket.Readable.push (_stream_readable.js:136:10)
    at Pipe.onread (net.js:560:20)
[Error  - 11:15:50 AM] 'getApplicableRefactors' request failed with error.
Error processing request. Cannot read property 'kind' of undefined
TypeError: Cannot read property 'kind' of undefined
    at Object.isIdentifier (/usr/share/code/resources/app/extensions/node_modules/typescript/lib/tsserver.js:9640:20)
    at Object.isExportsIdentifier (/usr/share/code/resources/app/extensions/node_modules/typescript/lib/tsserver.js:7264:19)
    at Object.isExportsOrModuleExportsOrAlias (/usr/share/code/resources/app/extensions/node_modules/typescript/lib/tsserver.js:19989:19)
    at isAtTriggerLocation (/usr/share/code/resources/app/extensions/node_modules/typescript/lib/tsserver.js:80194:31)
    at isAtTriggerLocation (/usr/share/code/resources/app/extensions/node_modules/typescript/lib/tsserver.js:80197:44)
    at Object.getAvailableActions (/usr/share/code/resources/app/extensions/node_modules/typescript/lib/tsserver.js:80169:21)
    at /usr/share/code/resources/app/extensions/node_modules/typescript/lib/tsserver.js:77283:128
    at getIterator (/usr/share/code/resources/app/extensions/node_modules/typescript/lib/tsserver.js:1734:23)
    at Object.next (/usr/share/code/resources/app/extensions/node_modules/typescript/lib/tsserver.js:1729:35)
    at Object.arrayFrom (/usr/share/code/resources/app/extensions/node_modules/typescript/lib/tsserver.js:2268:32)
    at Object.getApplicableRefactors (/usr/share/code/resources/app/extensions/node_modules/typescript/lib/tsserver.js:77282:23)
    at Object.getApplicableRefactors (/usr/share/code/resources/app/extensions/node_modules/typescript/lib/tsserver.js:83497:32)
    at IOSession.Session.getApplicableRefactors (/usr/share/code/resources/app/extensions/node_modules/typescript/lib/tsserver.js:90354:53)
    at Session.handlers.ts.createMapFromTemplate._a.(anonymous function) (/usr/share/code/resources/app/extensions/node_modules/typescript/lib/tsserver.js:89310:61)
    at /usr/share/code/resources/app/extensions/node_modules/typescript/lib/tsserver.js:90553:88
    at IOSession.Session.executeWithRequestId (/usr/share/code/resources/app/extensions/node_modules/typescript/lib/tsserver.js:90544:28)
    at IOSession.Session.executeCommand (/usr/share/code/resources/app/extensions/node_modules/typescript/lib/tsserver.js:90553:33)
    at IOSession.Session.onMessage (/usr/share/code/resources/app/extensions/node_modules/typescript/lib/tsserver.js:90573:35)
    at Interface.<anonymous> (/usr/share/code/resources/app/extensions/node_modules/typescript/lib/tsserver.js:91774:27)
    at emitOne (events.js:96:13)
    at Interface.emit (events.js:191:7)
    at Interface._onLine (readline.js:241:10)
    at Interface._normalWrite (readline.js:384:12)
    at Socket.ondata (readline.js:101:10)
    at emitOne (events.js:96:13)
    at Socket.emit (events.js:191:7)
    at readableAddChunk (_stream_readable.js:178:18)
    at Socket.Readable.push (_stream_readable.js:136:10)
    at Pipe.onread (net.js:560:20)
[Error  - 11:15:51 AM] 'getApplicableRefactors' request failed with error.
Error processing request. Cannot read property 'kind' of undefined
TypeError: Cannot read property 'kind' of undefined
    at Object.isIdentifier (/usr/share/code/resources/app/extensions/node_modules/typescript/lib/tsserver.js:9640:20)
    at Object.isExportsIdentifier (/usr/share/code/resources/app/extensions/node_modules/typescript/lib/tsserver.js:7264:19)
    at Object.isExportsOrModuleExportsOrAlias (/usr/share/code/resources/app/extensions/node_modules/typescript/lib/tsserver.js:19989:19)
    at isAtTriggerLocation (/usr/share/code/resources/app/extensions/node_modules/typescript/lib/tsserver.js:80194:31)
    at isAtTriggerLocation (/usr/share/code/resources/app/extensions/node_modules/typescript/lib/tsserver.js:80197:44)
    at Object.getAvailableActions (/usr/share/code/resources/app/extensions/node_modules/typescript/lib/tsserver.js:80169:21)
    at /usr/share/code/resources/app/extensions/node_modules/typescript/lib/tsserver.js:77283:128
    at getIterator (/usr/share/code/resources/app/extensions/node_modules/typescript/lib/tsserver.js:1734:23)
    at Object.next (/usr/share/code/resources/app/extensions/node_modules/typescript/lib/tsserver.js:1729:35)
    at Object.arrayFrom (/usr/share/code/resources/app/extensions/node_modules/typescript/lib/tsserver.js:2268:32)
    at Object.getApplicableRefactors (/usr/share/code/resources/app/extensions/node_modules/typescript/lib/tsserver.js:77282:23)
    at Object.getApplicableRefactors (/usr/share/code/resources/app/extensions/node_modules/typescript/lib/tsserver.js:83497:32)
    at IOSession.Session.getApplicableRefactors (/usr/share/code/resources/app/extensions/node_modules/typescript/lib/tsserver.js:90354:53)
    at Session.handlers.ts.createMapFromTemplate._a.(anonymous function) (/usr/share/code/resources/app/extensions/node_modules/typescript/lib/tsserver.js:89310:61)
    at /usr/share/code/resources/app/extensions/node_modules/typescript/lib/tsserver.js:90553:88
    at IOSession.Session.executeWithRequestId (/usr/share/code/resources/app/extensions/node_modules/typescript/lib/tsserver.js:90544:28)
    at IOSession.Session.executeCommand (/usr/share/code/resources/app/extensions/node_modules/typescript/lib/tsserver.js:90553:33)
    at IOSession.Session.onMessage (/usr/share/code/resources/app/extensions/node_modules/typescript/lib/tsserver.js:90573:35)
    at Interface.<anonymous> (/usr/share/code/resources/app/extensions/node_modules/typescript/lib/tsserver.js:91774:27)
    at emitOne (events.js:96:13)
    at Interface.emit (events.js:191:7)
    at Interface._onLine (readline.js:241:10)
    at Interface._normalWrite (readline.js:384:12)
    at Socket.ondata (readline.js:101:10)
    at emitOne (events.js:96:13)
    at Socket.emit (events.js:191:7)
    at readableAddChunk (_stream_readable.js:178:18)
    at Socket.Readable.push (_stream_readable.js:136:10)
    at Pipe.onread (net.js:560:20)
